<?xml version="1.0" encoding="UTF-8"?>
<testng-results ignored="0" total="3" passed="2" failed="1" skipped="0">
  <reporter-output>
  </reporter-output>
  <suite started-at="2023-12-31T18:59:59 IST" name="Default suite" finished-at="2023-12-31T19:01:24 IST" duration-ms="84464">
    <groups>
    </groups>
    <test started-at="2023-12-31T18:59:59 IST" name="Default test" finished-at="2023-12-31T19:01:24 IST" duration-ms="84464">
      <class name="TestCases.AddToCartTest">
        <test-method is-config="true" signature="launchingBrowser()[pri:0, instance:TestCases.AddToCartTest@5d7148e2]" started-at="2023-12-31T18:59:59 IST" name="launchingBrowser" finished-at="2023-12-31T19:00:07 IST" duration-ms="7081" status="PASS">
          <reporter-output>
          </reporter-output>
        </test-method> <!-- launchingBrowser -->
        <test-method is-config="true" signature="loginToApplication()[pri:0, instance:TestCases.AddToCartTest@5d7148e2]" started-at="2023-12-31T19:00:07 IST" name="loginToApplication" finished-at="2023-12-31T19:00:13 IST" duration-ms="6293" status="PASS">
          <reporter-output>
          </reporter-output>
        </test-method> <!-- loginToApplication -->
        <test-method signature="Tc_AddAddress_001_Test(java.lang.String,java.lang.String,java.lang.String,java.lang.String,java.lang.String,java.lang.String,java.lang.String,java.lang.String,java.lang.String)[pri:0, instance:TestCases.AddToCartTest@5d7148e2]" started-at="2023-12-31T19:00:13 IST" name="Tc_AddAddress_001_Test" data-provider="dataProviderAddress" finished-at="2023-12-31T19:00:22 IST" duration-ms="9620" status="PASS">
          <params>
            <param index="0">
              <value>
                <![CDATA[LOveBirds]]>
              </value>
            </param>
            <param index="1">
              <value>
                <![CDATA[ambani building 2nd floor]]>
              </value>
            </param>
            <param index="2">
              <value>
                <![CDATA[ambani street]]>
              </value>
            </param>
            <param index="3">
              <value>
                <![CDATA[ambani point]]>
              </value>
            </param>
            <param index="4">
              <value>
                <![CDATA[India]]>
              </value>
            </param>
            <param index="5">
              <value>
                <![CDATA[Karnataka]]>
              </value>
            </param>
            <param index="6">
              <value>
                <![CDATA[Bengaluru]]>
              </value>
            </param>
            <param index="7">
              <value>
                <![CDATA[560010]]>
              </value>
            </param>
            <param index="8">
              <value>
                <![CDATA[8497885567]]>
              </value>
            </param>
          </params>
          <reporter-output>
          </reporter-output>
        </test-method> <!-- Tc_AddAddress_001_Test -->
        <test-method is-config="true" signature="logoutFromApplication()[pri:0, instance:TestCases.AddToCartTest@5d7148e2]" started-at="2023-12-31T19:00:23 IST" name="logoutFromApplication" finished-at="2023-12-31T19:00:29 IST" duration-ms="6654" status="PASS">
          <reporter-output>
          </reporter-output>
        </test-method> <!-- logoutFromApplication -->
        <test-method is-config="true" signature="loginToApplication()[pri:0, instance:TestCases.AddToCartTest@5d7148e2]" started-at="2023-12-31T19:00:29 IST" name="loginToApplication" finished-at="2023-12-31T19:00:35 IST" duration-ms="5783" status="PASS">
          <reporter-output>
          </reporter-output>
        </test-method> <!-- loginToApplication -->
        <test-method signature="Tc_EndToEndCashOnDelivery_Test()[pri:1, instance:TestCases.AddToCartTest@5d7148e2]" started-at="2023-12-31T19:00:35 IST" name="Tc_EndToEndCashOnDelivery_Test" finished-at="2023-12-31T19:00:48 IST" depends-on-methods="TestCases.AddToCartTest.Tc_AddAddress_001_Test" duration-ms="13087" status="PASS">
          <reporter-output>
          </reporter-output>
        </test-method> <!-- Tc_EndToEndCashOnDelivery_Test -->
        <test-method is-config="true" signature="logoutFromApplication()[pri:0, instance:TestCases.AddToCartTest@5d7148e2]" started-at="2023-12-31T19:00:48 IST" name="logoutFromApplication" finished-at="2023-12-31T19:00:55 IST" duration-ms="6624" status="PASS">
          <reporter-output>
          </reporter-output>
        </test-method> <!-- logoutFromApplication -->
        <test-method is-config="true" signature="loginToApplication()[pri:0, instance:TestCases.AddToCartTest@5d7148e2]" started-at="2023-12-31T19:00:55 IST" name="loginToApplication" finished-at="2023-12-31T19:01:01 IST" duration-ms="5901" status="PASS">
          <reporter-output>
          </reporter-output>
        </test-method> <!-- loginToApplication -->
        <test-method signature="EndToEnd_NetBanking()[pri:2, instance:TestCases.AddToCartTest@5d7148e2]" started-at="2023-12-31T19:01:01 IST" name="EndToEnd_NetBanking" finished-at="2023-12-31T19:01:16 IST" depends-on-methods="TestCases.AddToCartTest.Tc_AddAddress_001_Test" duration-ms="15644" status="FAIL">
          <exception class="org.openqa.selenium.NoSuchFrameException">
            <message>
              <![CDATA[no such frame
  (Session info: chrome=120.0.6099.130)
Build info: version: '4.15.0', revision: '1d14b5521b'
System info: os.name: 'Windows 11', os.arch: 'amd64', os.version: '10.0', java.version: '17.0.7'
Driver info: org.openqa.selenium.chrome.ChromeDriver
Command: [3be5ff9a3bad486d75a02687de53308b, switchToFrame {id={element-6066-11e4-a52e-4f735466cecf=2119645565473F3FA208536B28CFE0EE_element_405}}]
Capabilities {acceptInsecureCerts: false, browserName: chrome, browserVersion: 120.0.6099.130, chrome: {chromedriverVersion: 119.0.6045.105 (38c72552c5e..., userDataDir: C:\Users\DELL\AppData\Local...}, fedcm:accounts: true, goog:chromeOptions: {debuggerAddress: localhost:53462}, networkConnectionEnabled: false, pageLoadStrategy: normal, platformName: windows, proxy: Proxy(), se:cdp: ws://localhost:53462/devtoo..., se:cdpVersion: 120.0.6099.130, setWindowRect: true, strictFileInteractability: false, timeouts: {implicit: 0, pageLoad: 300000, script: 30000}, unhandledPromptBehavior: dismiss and notify, webauthn:extension:credBlob: true, webauthn:extension:largeBlob: true, webauthn:extension:minPinLength: true, webauthn:extension:prf: true, webauthn:virtualAuthenticators: true}
Session ID: 3be5ff9a3bad486d75a02687de53308b]]>
            </message>
            <full-stacktrace>
              <![CDATA[org.openqa.selenium.NoSuchFrameException: no such frame
  (Session info: chrome=120.0.6099.130)
Build info: version: '4.15.0', revision: '1d14b5521b'
System info: os.name: 'Windows 11', os.arch: 'amd64', os.version: '10.0', java.version: '17.0.7'
Driver info: org.openqa.selenium.chrome.ChromeDriver
Command: [3be5ff9a3bad486d75a02687de53308b, switchToFrame {id={element-6066-11e4-a52e-4f735466cecf=2119645565473F3FA208536B28CFE0EE_element_405}}]
Capabilities {acceptInsecureCerts: false, browserName: chrome, browserVersion: 120.0.6099.130, chrome: {chromedriverVersion: 119.0.6045.105 (38c72552c5e..., userDataDir: C:\Users\DELL\AppData\Local...}, fedcm:accounts: true, goog:chromeOptions: {debuggerAddress: localhost:53462}, networkConnectionEnabled: false, pageLoadStrategy: normal, platformName: windows, proxy: Proxy(), se:cdp: ws://localhost:53462/devtoo..., se:cdpVersion: 120.0.6099.130, setWindowRect: true, strictFileInteractability: false, timeouts: {implicit: 0, pageLoad: 300000, script: 30000}, unhandledPromptBehavior: dismiss and notify, webauthn:extension:credBlob: true, webauthn:extension:largeBlob: true, webauthn:extension:minPinLength: true, webauthn:extension:prf: true, webauthn:virtualAuthenticators: true}
Session ID: 3be5ff9a3bad486d75a02687de53308b
at java.base/jdk.internal.reflect.NativeConstructorAccessorImpl.newInstance0(Native Method)
at java.base/jdk.internal.reflect.NativeConstructorAccessorImpl.newInstance(NativeConstructorAccessorImpl.java:77)
at java.base/jdk.internal.reflect.DelegatingConstructorAccessorImpl.newInstance(DelegatingConstructorAccessorImpl.java:45)
at java.base/java.lang.reflect.Constructor.newInstanceWithCaller(Constructor.java:499)
at java.base/java.lang.reflect.Constructor.newInstance(Constructor.java:480)
at org.openqa.selenium.remote.codec.w3c.W3CHttpResponseCodec.createException(W3CHttpResponseCodec.java:200)
at org.openqa.selenium.remote.codec.w3c.W3CHttpResponseCodec.decode(W3CHttpResponseCodec.java:133)
at org.openqa.selenium.remote.codec.w3c.W3CHttpResponseCodec.decode(W3CHttpResponseCodec.java:52)
at org.openqa.selenium.remote.HttpCommandExecutor.execute(HttpCommandExecutor.java:191)
at org.openqa.selenium.remote.service.DriverCommandExecutor.invokeExecute(DriverCommandExecutor.java:200)
at org.openqa.selenium.remote.service.DriverCommandExecutor.execute(DriverCommandExecutor.java:175)
at org.openqa.selenium.remote.RemoteWebDriver.execute(RemoteWebDriver.java:607)
at org.openqa.selenium.remote.RemoteWebDriver$RemoteTargetLocator.frame(RemoteWebDriver.java:1194)
at TestCases.AddToCartTest.EndToEnd_NetBanking(AddToCartTest.java:199)
at java.base/jdk.internal.reflect.NativeMethodAccessorImpl.invoke0(Native Method)
at java.base/jdk.internal.reflect.NativeMethodAccessorImpl.invoke(NativeMethodAccessorImpl.java:77)
at java.base/jdk.internal.reflect.DelegatingMethodAccessorImpl.invoke(DelegatingMethodAccessorImpl.java:43)
at java.base/java.lang.reflect.Method.invoke(Method.java:568)
at org.testng.internal.MethodInvocationHelper.invokeMethod(MethodInvocationHelper.java:133)
at org.testng.internal.TestInvoker.invokeMethod(TestInvoker.java:598)
at org.testng.internal.TestInvoker.invokeTestMethod(TestInvoker.java:173)
at org.testng.internal.MethodRunner.runInSequence(MethodRunner.java:46)
at org.testng.internal.TestInvoker$MethodInvocationAgent.invoke(TestInvoker.java:824)
at org.testng.internal.TestInvoker.invokeTestMethods(TestInvoker.java:146)
at org.testng.internal.TestMethodWorker.invokeTestMethods(TestMethodWorker.java:146)
at org.testng.internal.TestMethodWorker.run(TestMethodWorker.java:128)
at java.base/java.util.ArrayList.forEach(ArrayList.java:1511)
at org.testng.TestRunner.privateRun(TestRunner.java:794)
at org.testng.TestRunner.run(TestRunner.java:596)
at org.testng.SuiteRunner.runTest(SuiteRunner.java:377)
at org.testng.SuiteRunner.runSequentially(SuiteRunner.java:371)
at org.testng.SuiteRunner.privateRun(SuiteRunner.java:332)
at org.testng.SuiteRunner.run(SuiteRunner.java:276)
at org.testng.SuiteRunnerWorker.runSuite(SuiteRunnerWorker.java:53)
at org.testng.SuiteRunnerWorker.run(SuiteRunnerWorker.java:96)
at org.testng.TestNG.runSuitesSequentially(TestNG.java:1212)
at org.testng.TestNG.runSuitesLocally(TestNG.java:1134)
at org.testng.TestNG.runSuites(TestNG.java:1063)
at org.testng.TestNG.run(TestNG.java:1031)
at org.testng.remote.AbstractRemoteTestNG.run(AbstractRemoteTestNG.java:115)
at org.testng.remote.RemoteTestNG.initAndRun(RemoteTestNG.java:251)
at org.testng.remote.RemoteTestNG.main(RemoteTestNG.java:77)
]]>
            </full-stacktrace>
          </exception> <!-- org.openqa.selenium.NoSuchFrameException -->
          <reporter-output>
          </reporter-output>
        </test-method> <!-- EndToEnd_NetBanking -->
        <test-method is-config="true" signature="logoutFromApplication()[pri:0, instance:TestCases.AddToCartTest@5d7148e2]" started-at="2023-12-31T19:01:17 IST" name="logoutFromApplication" finished-at="2023-12-31T19:01:24 IST" duration-ms="7015" status="PASS">
          <reporter-output>
          </reporter-output>
        </test-method> <!-- logoutFromApplication -->
        <test-method is-config="true" signature="quitBrowser()[pri:0, instance:TestCases.AddToCartTest@5d7148e2]" started-at="2023-12-31T19:01:24 IST" name="quitBrowser" finished-at="2023-12-31T19:01:24 IST" duration-ms="313" status="PASS">
          <reporter-output>
          </reporter-output>
        </test-method> <!-- quitBrowser -->
      </class> <!-- TestCases.AddToCartTest -->
    </test> <!-- Default test -->
  </suite> <!-- Default suite -->
</testng-results>
